[2014-04-20 20:48:27][INFO] 号码：18650627324，处理结果：没有查询到您所输入的号码信息!
[2014-04-20 20:56:12][INFO] 验证码下载完成，请查看验证码并输入！
[2014-04-20 20:56:22][INFO] 验证码为：sdtm
[2014-04-20 20:56:23][INFO] 访问选号页面，url: http://esales.10010.com/pages/g3bsp/sub/postpaidsub/g3postpaid_sub_new.jsf?authKey=5158DXUr2cH9aG9CHgjhFUrxJlWv8%3D
[2014-04-20 20:56:25][INFO] 号码：18605070123，处理结果：
[2014-04-20 20:56:27][INFO] 号码：18605070411，处理结果：
[2014-04-20 20:56:28][INFO] 号码：18605070444，处理结果：
[2014-04-20 20:56:29][INFO] 号码：18605070543，处理结果：
[2014-04-20 20:56:30][INFO] 号码：18605070654，处理结果：
[2014-04-20 20:59:02][INFO] 验证码下载完成，请查看验证码并输入！
[2014-04-20 20:59:17][INFO] 验证码为：8c9e
[2014-04-20 20:59:19][INFO] 访问选号页面，url: http://esales.10010.com/pages/g3bsp/sub/postpaidsub/g3postpaid_sub_new.jsf?authKey=5158DXUr2cH9aG9CHgjhFUrxJlWv8%3D
[2014-04-20 20:59:21][INFO] 号码：18605070123，处理结果：
[2014-04-20 20:59:22][INFO] 号码：18605070411，处理结果：
[2014-04-20 20:59:24][INFO] 号码：18605070444，处理结果：
[2014-04-20 20:59:25][INFO] 号码：18605070543，处理结果：
[2014-04-20 20:59:26][INFO] 号码：18605070654，处理结果：
[2014-04-20 21:00:57][INFO] 验证码下载完成，请查看验证码并输入！
[2014-04-20 21:01:16][INFO] 验证码为：ggks
[2014-04-20 21:01:18][INFO] 访问选号页面，url: http://esales.10010.com/pages/g3bsp/sub/postpaidsub/g3postpaid_sub_new.jsf?authKey=5158DXUr2cH9aG9CHgjhFUrxJlWv8%3D
[2014-04-20 21:01:20][INFO] 号码：18650627324，处理结果：没有查询到您所输入的号码信息!
[2014-04-20 21:01:21][INFO] 号码：18605070411，处理结果：
[2014-04-20 21:01:22][INFO] 号码：18605070444，处理结果：
[2014-04-20 21:01:23][INFO] 号码：18605070543，处理结果：
[2014-04-20 21:01:25][INFO] 号码：18605070654，处理结果：
[2014-04-20 21:39:37][INFO] 验证码下载完成，请查看验证码并输入！
[2014-04-20 21:40:04][INFO] 验证码下载完成，请查看验证码并输入！
[2014-04-20 21:40:22][INFO] 验证码为：pt83
[2014-04-20 21:40:24][INFO] 访问页面，url: http://esales.10010.com/pages/g3bsp/sub/postpaidsub/g3postpaid_sub_new.jsf?authKey=5158DXUr2cH9aG9CHgjhFUrxJlWv8%3D
[2014-04-20 21:40:26][INFO] 号码：18650627324，处理结果：没有查询到您所输入的号码信息!
[2014-04-20 21:40:27][INFO] 号码：18605070411，处理结果：
[2014-04-20 21:40:29][INFO] 号码：18605070444，处理结果：
[2014-04-20 21:40:30][INFO] 号码：18605070543，处理结果：
[2014-04-20 21:40:31][INFO] 号码：18605070654，处理结果：
[2014-04-20 21:42:37][INFO] 验证码下载完成，请查看验证码并输入！
[2014-04-20 21:42:47][INFO] 验证码为：gmfm
[2014-04-20 21:42:49][INFO] 访问页面，url: http://esales.10010.com/pages/g3bsp/sub/postpaidsub/g3postpaid_sub_new.jsf?authKey=5158DXUr2cH9aG9CHgjhFUrxJlWv8%3D
[2014-04-20 21:42:51][INFO] 号码：18650627324，处理结果：没有查询到您所输入的号码信息!
[2014-04-20 21:42:52][INFO] 号码：18605070411，处理结果：
[2014-04-20 21:42:53][INFO] 号码：18605070444，处理结果：
[2014-04-20 21:42:54][INFO] 号码：18605070543，处理结果：
[2014-04-20 21:42:55][INFO] 号码：18605070654，处理结果：
[2014-04-20 21:43:16][INFO] 验证码下载完成，请查看验证码并输入！
[2014-04-20 21:43:26][INFO] 验证码为：bxdr
[2014-04-20 21:43:27][INFO] 访问页面，url: http://esales.10010.com/pages/g3bsp/sub/postpaidsub/g3postpaid_sub_new.jsf?authKey=5158DXUr2cH9aG9CHgjhFUrxJlWv8%3D
[2014-04-20 21:43:29][INFO] 号码：18650627324，处理结果：没有查询到您所输入的号码信息!
[2014-04-20 21:43:30][INFO] 号码：18605070411，处理结果：
[2014-04-20 21:43:31][INFO] 号码：18605070444，处理结果：
[2014-04-20 21:43:33][INFO] 号码：18605070543，处理结果：
[2014-04-20 21:43:34][INFO] 号码：18605070654，处理结果：
[2014-04-20 21:45:42][INFO] 验证码下载完成，请查看验证码并输入！
[2014-04-20 21:45:52][INFO] 验证码为：bxdr
[2014-04-20 21:45:53][INFO] 访问页面，url: http://esales.10010.com/pages/g3bsp/sub/postpaidsub/g3postpaid_sub_new.jsf?authKey=5158DXUr2cH9aG9CHgjhFUrxJlWv8%3D
[2014-04-20 21:46:23][INFO] 验证码下载完成，请查看验证码并输入！
[2014-04-20 21:47:28][INFO] 验证码下载完成，请查看验证码并输入！
[2014-04-20 21:47:36][INFO] 验证码为：exv8
[2014-04-20 21:47:37][INFO] 访问页面，url: http://esales.10010.com/pages/g3bsp/sub/postpaidsub/g3postpaid_sub_new.jsf?authKey=5158DXUr2cH9aG9CHgjhFUrxJlWv8%3D
[2014-04-20 21:47:39][INFO] 号码：18650627324，处理结果：没有查询到您所输入的号码信息!
[2014-04-20 21:47:40][INFO] 号码：18605070411，处理结果：
[2014-04-20 21:47:42][INFO] 号码：18605070444，处理结果：
[2014-04-20 21:47:44][INFO] 号码：18605070543，处理结果：
[2014-04-20 21:47:45][INFO] 号码：18605070654，处理结果：
[2014-04-20 21:50:27][INFO] 验证码下载完成，请查看验证码并输入！
[2014-04-20 21:50:40][INFO] 验证码为：gwn5
[2014-04-20 21:50:42][INFO] 访问页面，url: http://esales.10010.com/pages/g3bsp/sub/postpaidsub/g3postpaid_sub_new.jsf?authKey=5158DXUr2cH9aG9CHgjhFUrxJlWv8%3D
[2014-04-20 21:51:10][INFO] 验证码下载完成，请查看验证码并输入！
[2014-04-20 21:51:18][INFO] 验证码为：gbk6
[2014-04-20 21:51:19][INFO] 访问页面，url: http://esales.10010.com/pages/g3bsp/sub/postpaidsub/g3postpaid_sub_new.jsf?authKey=5158DXUr2cH9aG9CHgjhFUrxJlWv8%3D
[2014-04-20 21:51:20][INFO] 号码：18650627324，处理结果：没有查询到您所输入的号码信息!
[2014-04-20 21:51:21][INFO] 号码：18605070411，处理结果：
[2014-04-20 21:51:22][INFO] 号码：18605070444，处理结果：
[2014-04-20 21:51:23][INFO] 号码：18605070543，处理结果：
[2014-04-20 21:51:24][INFO] 号码：18605070654，处理结果：
[2014-04-20 21:53:51][INFO] 验证码下载完成，请查看验证码并输入！
[2014-04-20 21:53:58][INFO] 验证码为：p7jm
[2014-04-20 21:53:59][INFO] 访问页面，url: http://esales.10010.com/pages/g3bsp/sub/postpaidsub/g3postpaid_sub_new.jsf?authKey=5158DXUr2cH9aG9CHgjhFUrxJlWv8%3D
[2014-04-20 21:54:00][INFO] 号码：18650627324，处理结果：没有查询到您所输入的号码信息!
[2014-04-20 21:54:01][INFO] 号码：18605070411，处理结果：
[2014-04-20 21:54:02][INFO] 号码：18605070444，处理结果：
[2014-04-20 21:54:03][INFO] 号码：18605070543，处理结果：
[2014-04-20 21:56:42][INFO] 验证码下载完成，请查看验证码并输入！
[2014-04-20 21:56:52][INFO] 验证码为：eu8i
[2014-04-20 21:56:54][INFO] 访问页面，url: http://esales.10010.com/pages/g3bsp/sub/postpaidsub/g3postpaid_sub_new.jsf?authKey=5158DXUr2cH9aG9CHgjhFUrxJlWv8%3D
[2014-04-20 21:56:55][INFO] 号码：18650627324，处理结果：没有查询到您所输入的号码信息!
[2014-04-20 21:56:56][INFO] 号码：18605070411，处理结果：
[2014-04-20 21:56:57][INFO] 号码：18605070444，处理结果：
[2014-04-20 21:56:58][INFO] 号码：18605070543，处理结果：
[2014-04-20 21:56:59][INFO] 号码：18605070654，处理结果：
[2014-04-20 22:25:09][INFO] 验证码下载完成，请查看验证码并输入！
